<?xml version="1.0" encoding="UTF-8"?>
<testng-results ignored="0" total="1" passed="1" failed="0" skipped="0">
  <reporter-output>
  </reporter-output>
  <suite started-at="2024-11-18T20:10:18 IST" name="Default suite" finished-at="2024-11-18T20:10:25 IST" duration-ms="6659">
    <groups>
    </groups>
    <test started-at="2024-11-18T20:10:18 IST" name="Default test" finished-at="2024-11-18T20:10:25 IST" duration-ms="6659">
      <class name="migration.specs.LoginBasicTest">
        <test-method is-config="true" signature="initialize()[pri:0, instance:migration.specs.LoginBasicTest@7dcf94f8]" started-at="2024-11-18T20:10:18 IST" name="initialize" finished-at="2024-11-18T20:10:20 IST" duration-ms="2048" status="PASS">
          <reporter-output>
          </reporter-output>
        </test-method> <!-- initialize -->
        <test-method signature="loginTest()[pri:0, instance:migration.specs.LoginBasicTest@7dcf94f8]" started-at="2024-11-18T20:10:20 IST" name="loginTest" finished-at="2024-11-18T20:10:25 IST" duration-ms="4481" status="PASS">
          <reporter-output>
          </reporter-output>
        </test-method> <!-- loginTest -->
        <test-method is-config="true" signature="cleanUp()[pri:0, instance:migration.specs.LoginBasicTest@7dcf94f8]" started-at="2024-11-18T20:10:25 IST" name="cleanUp" finished-at="2024-11-18T20:10:25 IST" duration-ms="114" status="PASS">
          <reporter-output>
          </reporter-output>
        </test-method> <!-- cleanUp -->
      </class> <!-- migration.specs.LoginBasicTest -->
    </test> <!-- Default test -->
  </suite> <!-- Default suite -->
</testng-results>
